catflix_android/app/build/intermediates/manifest_merge_blame_file/debug/processDebugMainManifest/manifest-merger-blame-debug-report.txt
1<?xml version="1.0" encoding="utf-8"?>
2<manifest xmlns:android="http://schemas.android.com/apk/res/android"
3    package="com.example.catflix_android"
4    android:versionCode="1"
5    android:versionName="1.0" >
6
7    <uses-sdk
8        android:minSdkVersion="24"
9        android:targetSdkVersion="35" />
10
11    <uses-feature
11-->src\main\AndroidManifest.xml:5:5-7:36
12        android:name="android.hardware.camera"
12-->src\main\AndroidManifest.xml:6:9-47
13        android:required="false" />
13-->src\main\AndroidManifest.xml:7:9-33
14
15    <uses-permission android:name="android.permission.INTERNET" />
15-->src\main\AndroidManifest.xml:9:5-67
15-->src\main\AndroidManifest.xml:9:22-64
16    <uses-permission
16-->src\main\AndroidManifest.xml:10:5-12:38
17        android:name="android.permission.READ_EXTERNAL_STORAGE"
17-->src\main\AndroidManifest.xml:11:9-64
18        android:maxSdkVersion="32" />
18-->src\main\AndroidManifest.xml:12:9-35
19    <uses-permission
19-->src\main\AndroidManifest.xml:13:5-15:38
20        android:name="android.permission.WRITE_EXTERNAL_STORAGE"
20-->src\main\AndroidManifest.xml:14:9-65
21        android:maxSdkVersion="32" />
21-->src\main\AndroidManifest.xml:15:9-35
22
23    <permission
23-->[androidx.core:core:1.13.0] AndroidManifest.xml:22:5-24:47
24        android:name="com.example.catflix_android.DYNAMIC_RECEIVER_NOT_EXPORTED_PERMISSION"
24-->[androidx.core:core:1.13.0] AndroidManifest.xml:23:9-81
25        android:protectionLevel="signature" />
25-->[androidx.core:core:1.13.0] AndroidManifest.xml:24:9-44
26
27    <uses-permission android:name="com.example.catflix_android.DYNAMIC_RECEIVER_NOT_EXPORTED_PERMISSION" />
27-->[androidx.core:core:1.13.0] AndroidManifest.xml:26:5-97
27-->[androidx.core:core:1.13.0] AndroidManifest.xml:26:22-94
28
29    <application
29-->src\main\AndroidManifest.xml:17:5-87:19
30        android:allowBackup="true"
30-->src\main\AndroidManifest.xml:18:9-35
31        android:appComponentFactory="androidx.core.app.CoreComponentFactory"
31-->[androidx.core:core:1.13.0] AndroidManifest.xml:28:18-86
32        android:dataExtractionRules="@xml/data_extraction_rules"
32-->src\main\AndroidManifest.xml:19:9-65
33        android:debuggable="true"
34        android:extractNativeLibs="false"
35        android:fullBackupContent="@xml/backup_rules"
35-->src\main\AndroidManifest.xml:20:9-54
36        android:icon="@mipmap/ic_launcher"
36-->src\main\AndroidManifest.xml:21:9-43
37        android:label="@string/app_name"
37-->src\main\AndroidManifest.xml:22:9-41
38        android:networkSecurityConfig="@xml/network_security_config"
38-->src\main\AndroidManifest.xml:23:9-69
39        android:roundIcon="@mipmap/ic_launcher_round"
39-->src\main\AndroidManifest.xml:24:9-54
40        android:supportsRtl="true"
40-->src\main\AndroidManifest.xml:25:9-35
41        android:testOnly="true"
42        android:theme="@style/Theme.Catflix_android" >
42-->src\main\AndroidManifest.xml:26:9-53
43        <activity
43-->src\main\AndroidManifest.xml:28:9-30:40
44            android:name="com.example.catflix_android.Activities.EditProfileActivity"
44-->src\main\AndroidManifest.xml:29:13-59
45            android:exported="false" />
45-->src\main\AndroidManifest.xml:30:13-37
46        <activity
46-->src\main\AndroidManifest.xml:31:9-33:40
47            android:name="com.example.catflix_android.Activities.CategoryMoviesActivity"
47-->src\main\AndroidManifest.xml:32:13-62
48            android:exported="false" />
48-->src\main\AndroidManifest.xml:33:13-37
49        <activity
49-->src\main\AndroidManifest.xml:34:9-36:40
50            android:name="com.example.catflix_android.Activities.UploadCategoryActivity"
50-->src\main\AndroidManifest.xml:35:13-62
51            android:exported="false" />
51-->src\main\AndroidManifest.xml:36:13-37
52        <activity
52-->src\main\AndroidManifest.xml:37:9-39:40
53            android:name="com.example.catflix_android.Activities.EditCategoryPageActivity"
53-->src\main\AndroidManifest.xml:38:13-64
54            android:exported="false" />
54-->src\main\AndroidManifest.xml:39:13-37
55        <activity
55-->src\main\AndroidManifest.xml:40:9-42:40
56            android:name="com.example.catflix_android.Activities.EditAndDeleteCategory"
56-->src\main\AndroidManifest.xml:41:13-61
57            android:exported="false" />
57-->src\main\AndroidManifest.xml:42:13-37
58        <activity
58-->src\main\AndroidManifest.xml:43:9-45:40
59            android:name="com.example.catflix_android.Activities.UpdateMovieActivity"
59-->src\main\AndroidManifest.xml:44:13-59
60            android:exported="false" />
60-->src\main\AndroidManifest.xml:45:13-37
61        <activity
61-->src\main\AndroidManifest.xml:46:9-48:40
62            android:name="com.example.catflix_android.Activities.CategoryActivity"
62-->src\main\AndroidManifest.xml:47:13-56
63            android:exported="false" />
63-->src\main\AndroidManifest.xml:48:13-37
64        <activity
64-->src\main\AndroidManifest.xml:49:9-51:40
65            android:name="com.example.catflix_android.Activities.DeleteMovieActivity"
65-->src\main\AndroidManifest.xml:50:13-59
66            android:exported="false" />
66-->src\main\AndroidManifest.xml:51:13-37
67        <activity
67-->src\main\AndroidManifest.xml:52:9-54:40
68            android:name="com.example.catflix_android.Activities.AdminPageActivity"
68-->src\main\AndroidManifest.xml:53:13-57
69            android:exported="false" />
69-->src\main\AndroidManifest.xml:54:13-37
70        <activity
70-->src\main\AndroidManifest.xml:55:9-57:40
71            android:name="com.example.catflix_android.Activities.WatchMovieActivity"
71-->src\main\AndroidManifest.xml:56:13-58
72            android:exported="false" />
72-->src\main\AndroidManifest.xml:57:13-37
73        <activity
73-->src\main\AndroidManifest.xml:58:9-60:40
74            android:name="com.example.catflix_android.Activities.MovieDetailsActivity"
74-->src\main\AndroidManifest.xml:59:13-60
75            android:exported="false" />
75-->src\main\AndroidManifest.xml:60:13-37
76        <activity
76-->src\main\AndroidManifest.xml:61:9-63:40
77            android:name="com.example.catflix_android.Activities.ProfileActivity"
77-->src\main\AndroidManifest.xml:62:13-55
78            android:exported="false" />
78-->src\main\AndroidManifest.xml:63:13-37
79        <activity
79-->src\main\AndroidManifest.xml:64:9-67:40
80            android:name="com.example.catflix_android.Activities.HomePageActivity"
80-->src\main\AndroidManifest.xml:65:13-56
81            android:exported="false"
81-->src\main\AndroidManifest.xml:67:13-37
82            android:theme="@style/Theme.Catflix_android" />
82-->src\main\AndroidManifest.xml:66:13-57
83        <activity
83-->src\main\AndroidManifest.xml:68:9-70:40
84            android:name="com.example.catflix_android.Activities.SignUpActivity"
84-->src\main\AndroidManifest.xml:69:13-54
85            android:exported="false" />
85-->src\main\AndroidManifest.xml:70:13-37
86        <activity
86-->src\main\AndroidManifest.xml:71:9-73:39
87            android:name="com.example.catflix_android.Activities.LoginActivity"
87-->src\main\AndroidManifest.xml:72:13-53
88            android:exported="true" />
88-->src\main\AndroidManifest.xml:73:13-36
89        <activity
89-->src\main\AndroidManifest.xml:74:9-76:39
90            android:name="com.example.catflix_android.Activities.SearchActivity"
90-->src\main\AndroidManifest.xml:75:13-54
91            android:exported="true" />
91-->src\main\AndroidManifest.xml:76:13-36
92        <activity
92-->src\main\AndroidManifest.xml:77:9-85:20
93            android:name="com.example.catflix_android.Activities.MainActivity"
93-->src\main\AndroidManifest.xml:78:13-52
94            android:exported="true" >
94-->src\main\AndroidManifest.xml:79:13-36
95            <intent-filter>
95-->src\main\AndroidManifest.xml:80:13-84:29
96                <action android:name="android.intent.action.MAIN" />
96-->src\main\AndroidManifest.xml:81:17-69
96-->src\main\AndroidManifest.xml:81:25-66
97
98                <category android:name="android.intent.category.LAUNCHER" />
98-->src\main\AndroidManifest.xml:83:17-77
98-->src\main\AndroidManifest.xml:83:27-74
99            </intent-filter>
100        </activity>
101        <activity android:name="com.example.catflix_android.Activities.UploadMovieActivity" />
101-->src\main\AndroidManifest.xml:86:9-68
101-->src\main\AndroidManifest.xml:86:19-65
102
103        <service
103-->[androidx.room:room-runtime:2.6.1] AndroidManifest.xml:24:9-28:63
104            android:name="androidx.room.MultiInstanceInvalidationService"
104-->[androidx.room:room-runtime:2.6.1] AndroidManifest.xml:25:13-74
105            android:directBootAware="true"
105-->[androidx.room:room-runtime:2.6.1] AndroidManifest.xml:26:13-43
106            android:exported="false" />
106-->[androidx.room:room-runtime:2.6.1] AndroidManifest.xml:27:13-37
107
108        <provider
108-->[androidx.emoji2:emoji2:1.3.0] AndroidManifest.xml:24:9-32:20
109            android:name="androidx.startup.InitializationProvider"
109-->[androidx.emoji2:emoji2:1.3.0] AndroidManifest.xml:25:13-67
110            android:authorities="com.example.catflix_android.androidx-startup"
110-->[androidx.emoji2:emoji2:1.3.0] AndroidManifest.xml:26:13-68
111            android:exported="false" >
111-->[androidx.emoji2:emoji2:1.3.0] AndroidManifest.xml:27:13-37
112            <meta-data
112-->[androidx.emoji2:emoji2:1.3.0] AndroidManifest.xml:29:13-31:52
113                android:name="androidx.emoji2.text.EmojiCompatInitializer"
113-->[androidx.emoji2:emoji2:1.3.0] AndroidManifest.xml:30:17-75
114                android:value="androidx.startup" />
114-->[androidx.emoji2:emoji2:1.3.0] AndroidManifest.xml:31:17-49
115            <meta-data
115-->[androidx.lifecycle:lifecycle-process:2.6.2] AndroidManifest.xml:29:13-31:52
116                android:name="androidx.lifecycle.ProcessLifecycleInitializer"
116-->[androidx.lifecycle:lifecycle-process:2.6.2] AndroidManifest.xml:30:17-78
117                android:value="androidx.startup" />
117-->[androidx.lifecycle:lifecycle-process:2.6.2] AndroidManifest.xml:31:17-49
118            <meta-data
118-->[androidx.profileinstaller:profileinstaller:1.4.0] AndroidManifest.xml:29:13-31:52
119                android:name="androidx.profileinstaller.ProfileInstallerInitializer"
119-->[androidx.profileinstaller:profileinstaller:1.4.0] AndroidManifest.xml:30:17-85
120                android:value="androidx.startup" />
120-->[androidx.profileinstaller:profileinstaller:1.4.0] AndroidManifest.xml:31:17-49
121        </provider>
122
123        <receiver
123-->[androidx.profileinstaller:profileinstaller:1.4.0] AndroidManifest.xml:34:9-52:20
124            android:name="androidx.profileinstaller.ProfileInstallReceiver"
124-->[androidx.profileinstaller:profileinstaller:1.4.0] AndroidManifest.xml:35:13-76
125            android:directBootAware="false"
125-->[androidx.profileinstaller:profileinstaller:1.4.0] AndroidManifest.xml:36:13-44
126            android:enabled="true"
126-->[androidx.profileinstaller:profileinstaller:1.4.0] AndroidManifest.xml:37:13-35
127            android:exported="true"
127-->[androidx.profileinstaller:profileinstaller:1.4.0] AndroidManifest.xml:38:13-36
128            android:permission="android.permission.DUMP" >
128-->[androidx.profileinstaller:profileinstaller:1.4.0] AndroidManifest.xml:39:13-57
129            <intent-filter>
129-->[androidx.profileinstaller:profileinstaller:1.4.0] AndroidManifest.xml:40:13-42:29
130                <action android:name="androidx.profileinstaller.action.INSTALL_PROFILE" />
130-->[androidx.profileinstaller:profileinstaller:1.4.0] AndroidManifest.xml:41:17-91
130-->[androidx.profileinstaller:profileinstaller:1.4.0] AndroidManifest.xml:41:25-88
131            </intent-filter>
132            <intent-filter>
132-->[androidx.profileinstaller:profileinstaller:1.4.0] AndroidManifest.xml:43:13-45:29
133                <action android:name="androidx.profileinstaller.action.SKIP_FILE" />
133-->[androidx.profileinstaller:profileinstaller:1.4.0] AndroidManifest.xml:44:17-85
133-->[androidx.profileinstaller:profileinstaller:1.4.0] AndroidManifest.xml:44:25-82
134            </intent-filter>
135            <intent-filter>
135-->[androidx.profileinstaller:profileinstaller:1.4.0] AndroidManifest.xml:46:13-48:29
136                <action android:name="androidx.profileinstaller.action.SAVE_PROFILE" />
136-->[androidx.profileinstaller:profileinstaller:1.4.0] AndroidManifest.xml:47:17-88
136-->[androidx.profileinstaller:profileinstaller:1.4.0] AndroidManifest.xml:47:25-85
137            </intent-filter>
138            <intent-filter>
138-->[androidx.profileinstaller:profileinstaller:1.4.0] AndroidManifest.xml:49:13-51:29
139                <action android:name="androidx.profileinstaller.action.BENCHMARK_OPERATION" />
139-->[androidx.profileinstaller:profileinstaller:1.4.0] AndroidManifest.xml:50:17-95
139-->[androidx.profileinstaller:profileinstaller:1.4.0] AndroidManifest.xml:50:25-92
140            </intent-filter>
141        </receiver>
142    </application>
143
144</manifest>